Arguments: 
  C:\Program Files\nodejs\node.exe C:\Program Files (x86)\Yarn\bin\yarn.js

PATH: 
  C:\Program Files\Common Files\Oracle\Java\javapath;C:\WINDOWS\system32;C:\WINDOWS;C:\WINDOWS\System32\Wbem;C:\WINDOWS\System32\WindowsPowerShell\v1.0\;C:\WINDOWS\System32\OpenSSH\;C:\Program Files\nodejs\;C:\Program Files (x86)\Yarn\bin\;C:\Users\Noutcheu\AppData\Local\Programs\Python\Python38-32\Scripts\;C:\Users\Noutcheu\AppData\Local\Programs\Python\Python38-32\;C:\Users\Noutcheu\AppData\Local\Microsoft\WindowsApps;C:\Users\Noutcheu\AppData\Roaming\npm;C:\Users\Noutcheu\AppData\Local\Yarn\bin

Yarn version: 
  1.22.19

Node version: 
  18.17.0

Platform: 
  win32 x64

Trace: 
  Error: getaddrinfo ENOTFOUND registry.yarnpkg.com
      at GetAddrInfoReqWrap.onlookup [as oncomplete] (node:dns:108:26)

npm manifest: 
  {
    "name": "fmentor-p",
    "version": "0.0.0",
    "scripts": {
      "ng": "ng",
      "start": "ng serve",
      "build": "ng build",
      "watch": "ng build --watch --configuration development",
      "test": "ng test"
    },
    "private": true,
    "dependencies": {
      "@angular/animations": "^16.1.0",
      "@angular/common": "^16.1.0",
      "@angular/compiler": "^16.1.0",
      "@angular/core": "^16.1.0",
      "@angular/forms": "^16.1.0",
      "@angular/platform-browser": "^16.1.0",
      "@angular/platform-browser-dynamic": "^16.1.0",
      "@angular/router": "^16.1.0",
      "rxjs": "~7.8.0",
      "tslib": "^2.3.0",
      "zone.js": "~0.13.0"
    },
    "devDependencies": {
      "@angular-devkit/build-angular": "^16.1.5",
      "@angular/cli": "~16.1.5",
      "@angular/compiler-cli": "^16.1.0",
      "@types/jasmine": "~4.3.0",
      "jasmine-core": "~4.6.0",
      "karma": "~6.4.0",
      "karma-chrome-launcher": "~3.2.0",
      "karma-coverage": "~2.2.0",
      "karma-jasmine": "~5.1.0",
      "karma-jasmine-html-reporter": "~2.1.0",
      "typescript": "~5.1.3"
    }
  }

yarn manifest: 
  No manifest

Lockfile: 
  No lockfile
